-------------------------------------------------------------------------------
Test set: com.RestaurantOptimize.RestaurantOptimizebackend.RestaurantOptimizeBackendApplicationTests
-------------------------------------------------------------------------------
Tests run: 1, Failures: 0, Errors: 1, Skipped: 0, Time elapsed: 3.832 s <<< FAILURE! - in com.RestaurantOptimize.RestaurantOptimizebackend.RestaurantOptimizeBackendApplicationTests
contextLoads  Time elapsed: 0.012 s  <<< ERROR!
java.lang.IllegalStateException: Failed to load ApplicationContext for [WebMergedContextConfiguration@13f40d71 testClass = com.RestaurantOptimize.RestaurantOptimizebackend.RestaurantOptimizeBackendApplicationTests, locations = [], classes = [com.RestaurantOptimize.RestaurantOptimizebackend.RestaurantOptimizeBackendApplication], contextInitializerClasses = [], activeProfiles = [], propertySourceLocations = [], propertySourceProperties = ["org.springframework.boot.test.context.SpringBootTestContextBootstrapper=true"], contextCustomizers = [org.springframework.boot.test.context.filter.ExcludeFilterContextCustomizer@2e3967ea, org.springframework.boot.test.json.DuplicateJsonObjectContextCustomizerFactory$DuplicateJsonObjectContextCustomizer@51c668e3, org.springframework.boot.test.mock.mockito.MockitoContextCustomizer@0, org.springframework.boot.test.web.client.TestRestTemplateContextCustomizer@6c1a5b54, org.springframework.boot.test.autoconfigure.actuate.observability.ObservabilityContextCustomizerFactory$DisableObservabilityContextCustomizer@9da1, org.springframework.boot.test.autoconfigure.properties.PropertyMappingContextCustomizer@0, org.springframework.boot.test.autoconfigure.web.servlet.WebDriverContextCustomizerFactory$Customizer@4b741d6d, org.springframework.boot.test.context.SpringBootTestAnnotation@5daad546], resourceBasePath = "src/main/webapp", contextLoader = org.springframework.boot.test.context.SpringBootContextLoader, parent = null]
Caused by: org.springframework.beans.factory.BeanCreationException: Error creating bean with name 'entityManagerFactory' defined in class path resource [org/springframework/boot/autoconfigure/orm/jpa/HibernateJpaConfiguration.class]: Cannot apply class transformer without LoadTimeWeaver specified
Caused by: java.lang.IllegalStateException: Cannot apply class transformer without LoadTimeWeaver specified

